# JRE version: Java(TM) SE Runtime Environment 18.9 (11.0.17+10) (build 11.0.17+10-LTS-269)
# Java VM: Java HotSpot(TM) 64-Bit Server VM 18.9 (11.0.17+10-LTS-269, mixed mode, tiered, compressed oops, g1 gc, linux-amd64)
Heap:
 garbage-first heap   total 61440K, used 34828K [0x00000000c5e00000, 0x0000000100000000)
  region size 1024K, 22 young (22528K), 3 survivors (3072K)
 Metaspace       used 26186K, capacity 27006K, committed 27260K, reserved 1073152K
  class space    used 3239K, capacity 3605K, committed 3708K, reserved 1048576K
GC Heap History (9 events):
Event: 0.957 GC heap before
{Heap before GC invocations=0 (full 0):
 garbage-first heap   total 61440K, used 13312K [0x00000000c5e00000, 0x0000000100000000)
  region size 1024K, 14 young (14336K), 0 survivors (0K)
 Metaspace       used 9029K, capacity 9300K, committed 9600K, reserved 1058816K
  class space    used 902K, capacity 1032K, committed 1152K, reserved 1048576K
}
Event: 0.962 GC heap after
{Heap after GC invocations=1 (full 0):
 garbage-first heap   total 61440K, used 2644K [0x00000000c5e00000, 0x0000000100000000)
  region size 1024K, 2 young (2048K), 2 survivors (2048K)
 Metaspace       used 9029K, capacity 9300K, committed 9600K, reserved 1058816K
  class space    used 902K, capacity 1032K, committed 1152K, reserved 1048576K
}
Event: 2.458 GC heap before
{Heap before GC invocations=1 (full 0):
 garbage-first heap   total 61440K, used 38484K [0x00000000c5e00000, 0x0000000100000000)
  region size 1024K, 36 young (36864K), 2 survivors (2048K)
 Metaspace       used 20602K, capacity 21138K, committed 21248K, reserved 1067008K
  class space    used 2516K, capacity 2798K, committed 2816K, reserved 1048576K
}
Event: 2.471 GC heap after
{Heap after GC invocations=2 (full 0):
 garbage-first heap   total 61440K, used 9482K [0x00000000c5e00000, 0x0000000100000000)
  region size 1024K, 5 young (5120K), 5 survivors (5120K)
 Metaspace       used 20602K, capacity 21138K, committed 21248K, reserved 1067008K
  class space    used 2516K, capacity 2798K, committed 2816K, reserved 1048576K
}
Event: 2.477 GC heap before
{Heap before GC invocations=2 (full 0):
 garbage-first heap   total 61440K, used 9482K [0x00000000c5e00000, 0x0000000100000000)
  region size 1024K, 6 young (6144K), 5 survivors (5120K)
 Metaspace       used 20687K, capacity 21202K, committed 21248K, reserved 1067008K
  class space    used 2533K, capacity 2798K, committed 2816K, reserved 1048576K
}
Event: 2.488 GC heap after
{Heap after GC invocations=3 (full 0):
 garbage-first heap   total 61440K, used 10221K [0x00000000c5e00000, 0x0000000100000000)
  region size 1024K, 1 young (1024K), 1 survivors (1024K)
 Metaspace       used 20687K, capacity 21202K, committed 21248K, reserved 1067008K
  class space    used 2533K, capacity 2798K, committed 2816K, reserved 1048576K
}
Event: 2.956 GC heap before
{Heap before GC invocations=4 (full 0):
 garbage-first heap   total 61440K, used 24557K [0x00000000c5e00000, 0x0000000100000000)
  region size 1024K, 13 young (13312K), 1 survivors (1024K)
 Metaspace       used 23773K, capacity 24623K, committed 24828K, reserved 1071104K
  class space    used 3124K, capacity 3507K, committed 3580K, reserved 1048576K
}
Event: 2.960 GC heap after
{Heap after GC invocations=5 (full 0):
 garbage-first heap   total 61440K, used 13324K [0x00000000c5e00000, 0x0000000100000000)
  region size 1024K, 2 young (2048K), 2 survivors (2048K)
 Metaspace       used 23773K, capacity 24623K, committed 24828K, reserved 1071104K
  class space    used 3124K, capacity 3507K, committed 3580K, reserved 1048576K
}
Event: 41.367 GC heap before
{Heap before GC invocations=5 (full 0):
 garbage-first heap   total 61440K, used 34828K [0x00000000c5e00000, 0x0000000100000000)
  region size 1024K, 21 young (21504K), 2 survivors (2048K)
 Metaspace       used 26186K, capacity 27006K, committed 27260K, reserved 1073152K
  class space    used 3239K, capacity 3605K, committed 3708K, reserved 1048576K
}

