# JRE version: Java(TM) SE Runtime Environment 18.9 (11.0.17+10) (build 11.0.17+10-LTS-269)
# Java VM: Java HotSpot(TM) 64-Bit Server VM 18.9 (11.0.17+10-LTS-269, mixed mode, tiered, compressed oops, g1 gc, linux-amd64)
Heap:
 garbage-first heap   total 61440K, used 34378K [0x00000000c5e00000, 0x0000000100000000)
  region size 1024K, 23 young (23552K), 3 survivors (3072K)
 Metaspace       used 25517K, capacity 26405K, committed 26624K, reserved 1073152K
  class space    used 3187K, capacity 3567K, committed 3584K, reserved 1048576K
GC Heap History (7 events):
Event: 2.076 GC heap before
{Heap before GC invocations=0 (full 0):
 garbage-first heap   total 61440K, used 13312K [0x00000000c5e00000, 0x0000000100000000)
  region size 1024K, 14 young (14336K), 0 survivors (0K)
 Metaspace       used 8616K, capacity 8865K, committed 8960K, reserved 1056768K
  class space    used 848K, capacity 960K, committed 1024K, reserved 1048576K
}
Event: 2.085 GC heap after
{Heap after GC invocations=1 (full 0):
 garbage-first heap   total 61440K, used 1780K [0x00000000c5e00000, 0x0000000100000000)
  region size 1024K, 2 young (2048K), 2 survivors (2048K)
 Metaspace       used 8616K, capacity 8865K, committed 8960K, reserved 1056768K
  class space    used 848K, capacity 960K, committed 1024K, reserved 1048576K
}
Event: 3.707 GC heap before
{Heap before GC invocations=1 (full 0):
 garbage-first heap   total 61440K, used 37620K [0x00000000c5e00000, 0x0000000100000000)
  region size 1024K, 36 young (36864K), 2 survivors (2048K)
 Metaspace       used 18741K, capacity 19299K, committed 19456K, reserved 1067008K
  class space    used 2224K, capacity 2478K, committed 2560K, reserved 1048576K
}
Event: 3.720 GC heap after
{Heap after GC invocations=2 (full 0):
 garbage-first heap   total 61440K, used 9500K [0x00000000c5e00000, 0x0000000100000000)
  region size 1024K, 5 young (5120K), 5 survivors (5120K)
 Metaspace       used 18741K, capacity 19299K, committed 19456K, reserved 1067008K
  class space    used 2224K, capacity 2478K, committed 2560K, reserved 1048576K
}
Event: 3.987 GC heap before
{Heap before GC invocations=2 (full 0):
 garbage-first heap   total 61440K, used 15644K [0x00000000c5e00000, 0x0000000100000000)
  region size 1024K, 12 young (12288K), 5 survivors (5120K)
 Metaspace       used 20527K, capacity 21174K, committed 21248K, reserved 1067008K
  class space    used 2481K, capacity 2761K, committed 2816K, reserved 1048576K
}
Event: 4.014 GC heap after
{Heap after GC invocations=3 (full 0):
 garbage-first heap   total 61440K, used 9802K [0x00000000c5e00000, 0x0000000100000000)
  region size 1024K, 1 young (1024K), 1 survivors (1024K)
 Metaspace       used 20527K, capacity 21174K, committed 21248K, reserved 1067008K
  class space    used 2481K, capacity 2761K, committed 2816K, reserved 1048576K
}
Event: 14.775 GC heap before
{Heap before GC invocations=4 (full 0):
 garbage-first heap   total 61440K, used 33354K [0x00000000c5e00000, 0x0000000100000000)
  region size 1024K, 21 young (21504K), 1 survivors (1024K)
 Metaspace       used 25517K, capacity 26405K, committed 26624K, reserved 1073152K
  class space    used 3187K, capacity 3567K, committed 3584K, reserved 1048576K
}

