# JRE version: Java(TM) SE Runtime Environment 18.9 (11.0.17+10) (build 11.0.17+10-LTS-269)
# Java VM: Java HotSpot(TM) 64-Bit Server VM 18.9 (11.0.17+10-LTS-269, mixed mode, tiered, compressed oops, g1 gc, linux-amd64)
Heap:
 garbage-first heap   total 61440K, used 34030K [0x00000000c5e00000, 0x0000000100000000)
  region size 1024K, 21 young (21504K), 2 survivors (2048K)
 Metaspace       used 25922K, capacity 26791K, committed 27260K, reserved 1073152K
  class space    used 3217K, capacity 3600K, committed 3708K, reserved 1048576K
GC Heap History (7 events):
Event: 0.906 GC heap before
{Heap before GC invocations=0 (full 0):
 garbage-first heap   total 61440K, used 13312K [0x00000000c5e00000, 0x0000000100000000)
  region size 1024K, 14 young (14336K), 0 survivors (0K)
 Metaspace       used 9026K, capacity 9297K, committed 9600K, reserved 1058816K
  class space    used 902K, capacity 1032K, committed 1152K, reserved 1048576K
}
Event: 0.913 GC heap after
{Heap after GC invocations=1 (full 0):
 garbage-first heap   total 61440K, used 2648K [0x00000000c5e00000, 0x0000000100000000)
  region size 1024K, 2 young (2048K), 2 survivors (2048K)
 Metaspace       used 9026K, capacity 9297K, committed 9600K, reserved 1058816K
  class space    used 902K, capacity 1032K, committed 1152K, reserved 1048576K
}
Event: 2.371 GC heap before
{Heap before GC invocations=1 (full 0):
 garbage-first heap   total 61440K, used 37464K [0x00000000c5e00000, 0x0000000100000000)
  region size 1024K, 36 young (36864K), 2 survivors (2048K)
 Metaspace       used 20697K, capacity 21200K, committed 21248K, reserved 1067008K
  class space    used 2538K, capacity 2798K, committed 2816K, reserved 1048576K
}
Event: 2.387 GC heap after
{Heap after GC invocations=2 (full 0):
 garbage-first heap   total 61440K, used 9674K [0x00000000c5e00000, 0x0000000100000000)
  region size 1024K, 5 young (5120K), 5 survivors (5120K)
 Metaspace       used 20697K, capacity 21200K, committed 21248K, reserved 1067008K
  class space    used 2538K, capacity 2798K, committed 2816K, reserved 1048576K
}
Event: 2.493 GC heap before
{Heap before GC invocations=3 (full 0):
 garbage-first heap   total 61440K, used 13770K [0x00000000c5e00000, 0x0000000100000000)
  region size 1024K, 9 young (9216K), 5 survivors (5120K)
 Metaspace       used 21606K, capacity 22325K, committed 22652K, reserved 1069056K
  class space    used 2789K, capacity 3091K, committed 3196K, reserved 1048576K
}
Event: 2.502 GC heap after
{Heap after GC invocations=4 (full 0):
 garbage-first heap   total 61440K, used 10478K [0x00000000c5e00000, 0x0000000100000000)
  region size 1024K, 1 young (1024K), 1 survivors (1024K)
 Metaspace       used 21606K, capacity 22325K, committed 22652K, reserved 1069056K
  class space    used 2789K, capacity 3091K, committed 3196K, reserved 1048576K
}
Event: 28.380 GC heap before
{Heap before GC invocations=4 (full 0):
 garbage-first heap   total 61440K, used 33006K [0x00000000c5e00000, 0x0000000100000000)
  region size 1024K, 20 young (20480K), 1 survivors (1024K)
 Metaspace       used 25922K, capacity 26791K, committed 27260K, reserved 1073152K
  class space    used 3217K, capacity 3600K, committed 3708K, reserved 1048576K
}

