# JRE version: Java(TM) SE Runtime Environment 18.9 (11.0.17+10) (build 11.0.17+10-LTS-269)
# Java VM: Java HotSpot(TM) 64-Bit Server VM 18.9 (11.0.17+10-LTS-269, mixed mode, tiered, compressed oops, g1 gc, linux-amd64)
Heap:
 garbage-first heap   total 61440K, used 33861K [0x00000000c5e00000, 0x0000000100000000)
  region size 1024K, 21 young (21504K), 2 survivors (2048K)
 Metaspace       used 25858K, capacity 26767K, committed 27004K, reserved 1073152K
  class space    used 3227K, capacity 3616K, committed 3708K, reserved 1048576K
GC Heap History (7 events):
Event: 0.853 GC heap before
{Heap before GC invocations=0 (full 0):
 garbage-first heap   total 61440K, used 13312K [0x00000000c5e00000, 0x0000000100000000)
  region size 1024K, 14 young (14336K), 0 survivors (0K)
 Metaspace       used 9038K, capacity 9300K, committed 9600K, reserved 1058816K
  class space    used 902K, capacity 1032K, committed 1152K, reserved 1048576K
}
Event: 0.859 GC heap after
{Heap after GC invocations=1 (full 0):
 garbage-first heap   total 61440K, used 2613K [0x00000000c5e00000, 0x0000000100000000)
  region size 1024K, 2 young (2048K), 2 survivors (2048K)
 Metaspace       used 9038K, capacity 9300K, committed 9600K, reserved 1058816K
  class space    used 902K, capacity 1032K, committed 1152K, reserved 1048576K
}
Event: 2.582 GC heap before
{Heap before GC invocations=1 (full 0):
 garbage-first heap   total 61440K, used 37429K [0x00000000c5e00000, 0x0000000100000000)
  region size 1024K, 36 young (36864K), 2 survivors (2048K)
 Metaspace       used 20646K, capacity 21202K, committed 21248K, reserved 1067008K
  class space    used 2517K, capacity 2798K, committed 2816K, reserved 1048576K
}
Event: 2.614 GC heap after
{Heap after GC invocations=2 (full 0):
 garbage-first heap   total 61440K, used 9719K [0x00000000c5e00000, 0x0000000100000000)
  region size 1024K, 5 young (5120K), 5 survivors (5120K)
 Metaspace       used 20646K, capacity 21202K, committed 21248K, reserved 1067008K
  class space    used 2517K, capacity 2798K, committed 2816K, reserved 1048576K
}
Event: 2.798 GC heap before
{Heap before GC invocations=3 (full 0):
 garbage-first heap   total 61440K, used 12791K [0x00000000c5e00000, 0x0000000100000000)
  region size 1024K, 8 young (8192K), 5 survivors (5120K)
 Metaspace       used 21321K, capacity 21972K, committed 22268K, reserved 1069056K
  class space    used 2687K, capacity 2994K, committed 3068K, reserved 1048576K
}
Event: 2.814 GC heap after
{Heap after GC invocations=4 (full 0):
 garbage-first heap   total 61440K, used 10309K [0x00000000c5e00000, 0x0000000100000000)
  region size 1024K, 1 young (1024K), 1 survivors (1024K)
 Metaspace       used 21321K, capacity 21972K, committed 22268K, reserved 1069056K
  class space    used 2687K, capacity 2994K, committed 3068K, reserved 1048576K
}
Event: 55.495 GC heap before
{Heap before GC invocations=4 (full 0):
 garbage-first heap   total 61440K, used 32837K [0x00000000c5e00000, 0x0000000100000000)
  region size 1024K, 20 young (20480K), 1 survivors (1024K)
 Metaspace       used 25858K, capacity 26767K, committed 27004K, reserved 1073152K
  class space    used 3227K, capacity 3616K, committed 3708K, reserved 1048576K
}

