# JRE version: Java(TM) SE Runtime Environment 18.9 (11.0.17+10) (build 11.0.17+10-LTS-269)
# Java VM: Java HotSpot(TM) 64-Bit Server VM 18.9 (11.0.17+10-LTS-269, mixed mode, tiered, compressed oops, g1 gc, linux-amd64)
Heap:
 garbage-first heap   total 61440K, used 31502K [0x00000000c5e00000, 0x0000000100000000)
  region size 1024K, 19 young (19456K), 2 survivors (2048K)
 Metaspace       used 25527K, capacity 26338K, committed 26748K, reserved 1073152K
  class space    used 3217K, capacity 3600K, committed 3708K, reserved 1048576K
GC Heap History (7 events):
Event: 1.039 GC heap before
{Heap before GC invocations=0 (full 0):
 garbage-first heap   total 61440K, used 13312K [0x00000000c5e00000, 0x0000000100000000)
  region size 1024K, 14 young (14336K), 0 survivors (0K)
 Metaspace       used 9039K, capacity 9296K, committed 9600K, reserved 1058816K
  class space    used 902K, capacity 1032K, committed 1152K, reserved 1048576K
}
Event: 1.048 GC heap after
{Heap after GC invocations=1 (full 0):
 garbage-first heap   total 61440K, used 2634K [0x00000000c5e00000, 0x0000000100000000)
  region size 1024K, 2 young (2048K), 2 survivors (2048K)
 Metaspace       used 9039K, capacity 9296K, committed 9600K, reserved 1058816K
  class space    used 902K, capacity 1032K, committed 1152K, reserved 1048576K
}
Event: 2.448 GC heap before
{Heap before GC invocations=1 (full 0):
 garbage-first heap   total 61440K, used 38474K [0x00000000c5e00000, 0x0000000100000000)
  region size 1024K, 36 young (36864K), 2 survivors (2048K)
 Metaspace       used 20667K, capacity 21198K, committed 21248K, reserved 1067008K
  class space    used 2533K, capacity 2798K, committed 2816K, reserved 1048576K
}
Event: 2.471 GC heap after
{Heap after GC invocations=2 (full 0):
 garbage-first heap   total 61440K, used 9661K [0x00000000c5e00000, 0x0000000100000000)
  region size 1024K, 5 young (5120K), 5 survivors (5120K)
 Metaspace       used 20667K, capacity 21198K, committed 21248K, reserved 1067008K
  class space    used 2533K, capacity 2798K, committed 2816K, reserved 1048576K
}
Event: 2.478 GC heap before
{Heap before GC invocations=2 (full 0):
 garbage-first heap   total 61440K, used 9661K [0x00000000c5e00000, 0x0000000100000000)
  region size 1024K, 6 young (6144K), 5 survivors (5120K)
 Metaspace       used 20671K, capacity 21198K, committed 21248K, reserved 1067008K
  class space    used 2533K, capacity 2798K, committed 2816K, reserved 1048576K
}
Event: 2.498 GC heap after
{Heap after GC invocations=3 (full 0):
 garbage-first heap   total 61440K, used 9998K [0x00000000c5e00000, 0x0000000100000000)
  region size 1024K, 1 young (1024K), 1 survivors (1024K)
 Metaspace       used 20671K, capacity 21198K, committed 21248K, reserved 1067008K
  class space    used 2533K, capacity 2798K, committed 2816K, reserved 1048576K
}
Event: 13.658 GC heap before
{Heap before GC invocations=4 (full 0):
 garbage-first heap   total 61440K, used 31502K [0x00000000c5e00000, 0x0000000100000000)
  region size 1024K, 18 young (18432K), 1 survivors (1024K)
 Metaspace       used 25527K, capacity 26338K, committed 26748K, reserved 1073152K
  class space    used 3217K, capacity 3600K, committed 3708K, reserved 1048576K
}

