# JRE version: Java(TM) SE Runtime Environment 18.9 (11.0.17+10) (build 11.0.17+10-LTS-269)
# Java VM: Java HotSpot(TM) 64-Bit Server VM 18.9 (11.0.17+10-LTS-269, mixed mode, tiered, compressed oops, g1 gc, linux-amd64)
Heap:
 garbage-first heap   total 61440K, used 35115K [0x00000000c5e00000, 0x0000000100000000)
  region size 1024K, 23 young (23552K), 3 survivors (3072K)
 Metaspace       used 26002K, capacity 26857K, committed 27264K, reserved 1073152K
  class space    used 3226K, capacity 3602K, committed 3712K, reserved 1048576K
GC Heap History (7 events):
Event: 0.907 GC heap before
{Heap before GC invocations=0 (full 0):
 garbage-first heap   total 61440K, used 13312K [0x00000000c5e00000, 0x0000000100000000)
  region size 1024K, 14 young (14336K), 0 survivors (0K)
 Metaspace       used 9016K, capacity 9289K, committed 9600K, reserved 1058816K
  class space    used 902K, capacity 1032K, committed 1152K, reserved 1048576K
}
Event: 0.916 GC heap after
{Heap after GC invocations=1 (full 0):
 garbage-first heap   total 61440K, used 2427K [0x00000000c5e00000, 0x0000000100000000)
  region size 1024K, 2 young (2048K), 2 survivors (2048K)
 Metaspace       used 9016K, capacity 9289K, committed 9600K, reserved 1058816K
  class space    used 902K, capacity 1032K, committed 1152K, reserved 1048576K
}
Event: 2.550 GC heap before
{Heap before GC invocations=1 (full 0):
 garbage-first heap   total 61440K, used 37243K [0x00000000c5e00000, 0x0000000100000000)
  region size 1024K, 36 young (36864K), 2 survivors (2048K)
 Metaspace       used 20645K, capacity 21192K, committed 21248K, reserved 1067008K
  class space    used 2524K, capacity 2798K, committed 2816K, reserved 1048576K
}
Event: 2.572 GC heap after
{Heap after GC invocations=2 (full 0):
 garbage-first heap   total 61440K, used 9650K [0x00000000c5e00000, 0x0000000100000000)
  region size 1024K, 5 young (5120K), 5 survivors (5120K)
 Metaspace       used 20645K, capacity 21192K, committed 21248K, reserved 1067008K
  class space    used 2524K, capacity 2798K, committed 2816K, reserved 1048576K
}
Event: 2.811 GC heap before
{Heap before GC invocations=3 (full 0):
 garbage-first heap   total 61440K, used 15794K [0x00000000c5e00000, 0x0000000100000000)
  region size 1024K, 12 young (12288K), 5 survivors (5120K)
 Metaspace       used 22411K, capacity 23099K, committed 23296K, reserved 1069056K
  class space    used 2952K, capacity 3272K, committed 3328K, reserved 1048576K
}
Event: 2.819 GC heap after
{Heap after GC invocations=4 (full 0):
 garbage-first heap   total 61440K, used 10539K [0x00000000c5e00000, 0x0000000100000000)
  region size 1024K, 1 young (1024K), 1 survivors (1024K)
 Metaspace       used 22411K, capacity 23099K, committed 23296K, reserved 1069056K
  class space    used 2952K, capacity 3272K, committed 3328K, reserved 1048576K
}
Event: 34.233 GC heap before
{Heap before GC invocations=4 (full 0):
 garbage-first heap   total 61440K, used 34091K [0x00000000c5e00000, 0x0000000100000000)
  region size 1024K, 21 young (21504K), 1 survivors (1024K)
 Metaspace       used 26002K, capacity 26857K, committed 27264K, reserved 1073152K
  class space    used 3226K, capacity 3602K, committed 3712K, reserved 1048576K
}

